<?xml version="1.0" encoding="UTF-8"?>
<testsuite name="ApplicationDelegateSpec" tests="1" failures="0" errors="0" timestamp="2014-03-21T10:45:56" hostname="Chriss-MacBook-Pro.local" time="0.195">
  <properties/>
  <testcase name="should add create node to root" classname="ApplicationDelegateSpec" time="0.195"/>
  <system-out><![CDATA[made it
]]></system-out>
  <system-err><![CDATA[]]></system-err>
</testsuite>
