<?xml version="1.0" encoding="UTF-8"?>
<testsuite name="CreateDelegateSpec" tests="2" failures="0" errors="0" timestamp="2014-03-21T10:45:56" hostname="Chriss-MacBook-Pro.local" time="0.053">
  <properties/>
  <testcase name="should add create node to root with application section" classname="CreateDelegateSpec" time="0.019"/>
  <testcase name="should add create node with application options" classname="CreateDelegateSpec" time="0.034"/>
  <system-out><![CDATA[made it
]]></system-out>
  <system-err><![CDATA[]]></system-err>
</testsuite>
